<?xml version="1.0" encoding="UTF-8"?>
<!-- Generated by org.testng.reporters.JUnitReportReporter -->
<testsuite skipped="0" hostname="Amit-PC" name="testScripts.addToCartProductTestScript" tests="1" failures="0" timestamp="03 Mar 2019 17:43:01 GMT" time="142.006" errors="0">
  <testcase name="addProductToCart" time="142.006" classname="testScripts.addToCartProductTestScript"/>
</testsuite> <!-- testScripts.addToCartProductTestScript -->
