<?xml version="1.0" encoding="UTF-8"?>
<!-- Generated by org.testng.reporters.JUnitReportReporter -->
<testsuite skipped="0" hostname="Amit-PC" name="testScripts.addToCartProductTestScript" tests="1" failures="0" timestamp="04 Mar 2019 17:56:11 GMT" time="166.729" errors="0">
  <testcase name="addProductToCart" time="166.729" classname="testScripts.addToCartProductTestScript"/>
</testsuite> <!-- testScripts.addToCartProductTestScript -->
