<?xml version="1.0" encoding="UTF-8"?>
<!-- Generated by org.testng.reporters.JUnitReportReporter -->
<testsuite skipped="0" hostname="Amit-PC" name="testScripts.addToCartProductTestScript" tests="1" failures="0" timestamp="03 Mar 2019 17:58:54 GMT" time="229.261" errors="0">
  <testcase name="addProductToCart" time="229.261" classname="testScripts.addToCartProductTestScript"/>
</testsuite> <!-- testScripts.addToCartProductTestScript -->
